19:46:52.036 [main] INFO  stepDefinitions.hook.Hooks:31 - ---------------Test Automation has started------------
19:46:52.039 [main] INFO  stepDefinitions.hook.Hooks:32 - Test Scenario : Get desired product
19:46:52.040 [main] INFO  stepDefinitions.hook.Hooks:33 - Browser type ----> chrome
19:46:55.471 [main] INFO  stepDefinitions.BasicStepDefs:16 - User navigates to baseURL
19:46:57.240 [main] ERROR stepDefinitions.hook.Hooks:50 - Test scenario ->>> ->>>>> Failed Get desired product
19:46:58.251 [main] DEBUG org.apache.poi.openxml4j.opc.PackageRelationshipCollection:309 - Parsing relationship: /xl/charts/_rels/chart1.xml.rels
19:46:58.255 [main] DEBUG org.apache.poi.openxml4j.opc.PackageRelationshipCollection:309 - Parsing relationship: /xl/charts/_rels/chart2.xml.rels
19:46:58.257 [main] DEBUG org.apache.poi.openxml4j.opc.PackageRelationshipCollection:309 - Parsing relationship: /xl/charts/_rels/chart3.xml.rels
19:46:58.259 [main] DEBUG org.apache.poi.openxml4j.opc.PackageRelationshipCollection:309 - Parsing relationship: /xl/charts/_rels/chart5.xml.rels
19:46:58.261 [main] DEBUG org.apache.poi.openxml4j.opc.PackageRelationshipCollection:309 - Parsing relationship: /xl/charts/_rels/chart8.xml.rels
19:46:58.263 [main] DEBUG org.apache.poi.openxml4j.opc.PackageRelationshipCollection:309 - Parsing relationship: /xl/drawings/_rels/drawing1.xml.rels
19:46:58.265 [main] DEBUG org.apache.poi.openxml4j.opc.PackageRelationshipCollection:309 - Parsing relationship: /xl/drawings/_rels/drawing5.xml.rels
19:46:58.267 [main] DEBUG org.apache.poi.openxml4j.opc.PackageRelationshipCollection:309 - Parsing relationship: /xl/drawings/_rels/drawing7.xml.rels
19:46:58.269 [main] DEBUG org.apache.poi.openxml4j.opc.PackageRelationshipCollection:309 - Parsing relationship: /xl/drawings/_rels/drawing8.xml.rels
19:46:58.274 [main] DEBUG org.apache.poi.openxml4j.opc.PackageRelationshipCollection:309 - Parsing relationship: /xl/drawings/_rels/drawing10.xml.rels
19:46:58.276 [main] DEBUG org.apache.poi.openxml4j.opc.PackageRelationshipCollection:309 - Parsing relationship: /xl/drawings/_rels/drawing11.xml.rels
19:46:58.279 [main] DEBUG org.apache.poi.openxml4j.opc.PackageRelationshipCollection:309 - Parsing relationship: /xl/externalLinks/_rels/externalLink1.xml.rels
19:46:58.282 [main] DEBUG org.apache.poi.openxml4j.opc.PackageRelationshipCollection:309 - Parsing relationship: /xl/_rels/workbook.xml.rels
19:46:58.295 [main] DEBUG org.apache.poi.openxml4j.opc.PackageRelationshipCollection:309 - Parsing relationship: /xl/worksheets/_rels/sheet1.xml.rels
19:46:58.297 [main] DEBUG org.apache.poi.openxml4j.opc.PackageRelationshipCollection:309 - Parsing relationship: /xl/worksheets/_rels/sheet2.xml.rels
19:46:58.299 [main] DEBUG org.apache.poi.openxml4j.opc.PackageRelationshipCollection:309 - Parsing relationship: /xl/worksheets/_rels/sheet3.xml.rels
19:46:58.300 [main] DEBUG org.apache.poi.openxml4j.opc.PackageRelationshipCollection:309 - Parsing relationship: /xl/worksheets/_rels/sheet4.xml.rels
19:46:58.303 [main] DEBUG org.apache.poi.openxml4j.opc.PackageRelationshipCollection:309 - Parsing relationship: /xl/worksheets/_rels/sheet6.xml.rels
19:46:58.304 [main] DEBUG org.apache.poi.openxml4j.opc.PackageRelationshipCollection:309 - Parsing relationship: /xl/worksheets/_rels/sheet7.xml.rels
19:46:58.306 [main] DEBUG org.apache.poi.openxml4j.opc.PackageRelationshipCollection:309 - Parsing relationship: /xl/worksheets/_rels/sheet8.xml.rels
19:46:58.307 [main] DEBUG org.apache.poi.openxml4j.opc.PackageRelationshipCollection:309 - Parsing relationship: /_rels/.rels
19:46:58.899 [main] DEBUG org.apache.poi.ooxml.POIXMLFactory:65 - using default POIXMLDocumentPart for http://schemas.openxmlformats.org/officeDocument/2006/relationships/printerSettings
19:46:58.927 [main] DEBUG org.apache.poi.ooxml.POIXMLFactory:65 - using default POIXMLDocumentPart for http://schemas.openxmlformats.org/officeDocument/2006/relationships/chartUserShapes
19:46:58.927 [main] DEBUG org.apache.poi.ooxml.POIXMLFactory:65 - using default POIXMLDocumentPart for http://schemas.openxmlformats.org/officeDocument/2006/relationships/chartUserShapes
19:46:58.928 [main] DEBUG org.apache.poi.ooxml.POIXMLFactory:65 - using default POIXMLDocumentPart for http://schemas.openxmlformats.org/officeDocument/2006/relationships/chartUserShapes
19:46:58.928 [main] DEBUG org.apache.poi.ooxml.POIXMLFactory:65 - using default POIXMLDocumentPart for http://schemas.openxmlformats.org/officeDocument/2006/relationships/printerSettings
19:46:58.938 [main] DEBUG org.apache.poi.ooxml.POIXMLFactory:65 - using default POIXMLDocumentPart for http://schemas.openxmlformats.org/officeDocument/2006/relationships/chartUserShapes
19:46:58.938 [main] DEBUG org.apache.poi.ooxml.POIXMLFactory:65 - using default POIXMLDocumentPart for http://schemas.openxmlformats.org/officeDocument/2006/relationships/printerSettings
19:46:58.944 [main] DEBUG org.apache.poi.ooxml.POIXMLFactory:65 - using default POIXMLDocumentPart for http://schemas.openxmlformats.org/officeDocument/2006/relationships/printerSettings
19:46:58.952 [main] DEBUG org.apache.poi.ooxml.POIXMLFactory:65 - using default POIXMLDocumentPart for http://schemas.openxmlformats.org/officeDocument/2006/relationships/chartUserShapes
19:46:58.952 [main] DEBUG org.apache.poi.ooxml.POIXMLFactory:65 - using default POIXMLDocumentPart for http://schemas.openxmlformats.org/officeDocument/2006/relationships/printerSettings
19:46:58.958 [main] DEBUG org.apache.poi.ooxml.POIXMLFactory:65 - using default POIXMLDocumentPart for http://schemas.openxmlformats.org/officeDocument/2006/relationships/printerSettings
19:46:58.962 [main] DEBUG org.apache.poi.ooxml.POIXMLFactory:65 - using default POIXMLDocumentPart for http://schemas.openxmlformats.org/officeDocument/2006/relationships/printerSettings
19:46:59.500 [main] DEBUG org.apache.poi.openxml4j.opc.ZipPackage:562 - Save content types part
19:46:59.579 [main] DEBUG org.apache.poi.openxml4j.opc.ZipPackage:566 - Save package relationships
19:46:59.583 [main] DEBUG org.apache.poi.openxml4j.opc.ZipPackage:580 - Save part 'docProps/app.xml'
19:46:59.584 [main] DEBUG org.apache.poi.openxml4j.opc.ZipPackage:580 - Save part 'docProps/core.xml'
19:46:59.588 [main] DEBUG org.apache.poi.openxml4j.opc.ZipPackage:580 - Save part 'xl/charts/chart1.xml'
19:46:59.591 [main] DEBUG org.apache.poi.openxml4j.opc.ZipPackage:580 - Save part 'xl/charts/chart2.xml'
19:46:59.593 [main] DEBUG org.apache.poi.openxml4j.opc.ZipPackage:580 - Save part 'xl/charts/chart3.xml'
19:46:59.595 [main] DEBUG org.apache.poi.openxml4j.opc.ZipPackage:580 - Save part 'xl/charts/chart4.xml'
19:46:59.596 [main] DEBUG org.apache.poi.openxml4j.opc.ZipPackage:580 - Save part 'xl/charts/chart5.xml'
19:46:59.598 [main] DEBUG org.apache.poi.openxml4j.opc.ZipPackage:580 - Save part 'xl/charts/chart6.xml'
19:46:59.599 [main] DEBUG org.apache.poi.openxml4j.opc.ZipPackage:580 - Save part 'xl/charts/chart7.xml'
19:46:59.599 [main] DEBUG org.apache.poi.openxml4j.opc.ZipPackage:580 - Save part 'xl/charts/chart8.xml'
19:46:59.601 [main] DEBUG org.apache.poi.openxml4j.opc.ZipPackage:580 - Save part 'xl/charts/chart9.xml'
19:46:59.602 [main] DEBUG org.apache.poi.openxml4j.opc.ZipPackage:580 - Save part 'xl/charts/chart10.xml'
19:46:59.603 [main] DEBUG org.apache.poi.openxml4j.opc.ZipPackage:580 - Save part 'xl/drawings/drawing1.xml'
19:46:59.605 [main] DEBUG org.apache.poi.openxml4j.opc.ZipPackage:580 - Save part 'xl/drawings/drawing2.xml'
19:46:59.606 [main] DEBUG org.apache.poi.openxml4j.opc.ZipPackage:580 - Save part 'xl/drawings/drawing3.xml'
19:46:59.607 [main] DEBUG org.apache.poi.openxml4j.opc.ZipPackage:580 - Save part 'xl/drawings/drawing4.xml'
19:46:59.607 [main] DEBUG org.apache.poi.openxml4j.opc.ZipPackage:580 - Save part 'xl/drawings/drawing5.xml'
19:46:59.609 [main] DEBUG org.apache.poi.openxml4j.opc.ZipPackage:580 - Save part 'xl/drawings/drawing6.xml'
19:46:59.610 [main] DEBUG org.apache.poi.openxml4j.opc.ZipPackage:580 - Save part 'xl/drawings/drawing7.xml'
19:46:59.611 [main] DEBUG org.apache.poi.openxml4j.opc.ZipPackage:580 - Save part 'xl/drawings/drawing8.xml'
19:46:59.612 [main] DEBUG org.apache.poi.openxml4j.opc.ZipPackage:580 - Save part 'xl/drawings/drawing9.xml'
19:46:59.614 [main] DEBUG org.apache.poi.openxml4j.opc.ZipPackage:580 - Save part 'xl/externalLinks/externalLink1.xml'
19:46:59.615 [main] DEBUG org.apache.poi.openxml4j.opc.ZipPackage:580 - Save part 'xl/printerSettings/printerSettings1.bin'
19:46:59.616 [main] DEBUG org.apache.poi.openxml4j.opc.ZipPackage:580 - Save part 'xl/printerSettings/printerSettings2.bin'
19:46:59.616 [main] DEBUG org.apache.poi.openxml4j.opc.ZipPackage:580 - Save part 'xl/printerSettings/printerSettings3.bin'
19:46:59.616 [main] DEBUG org.apache.poi.openxml4j.opc.ZipPackage:580 - Save part 'xl/printerSettings/printerSettings4.bin'
19:46:59.616 [main] DEBUG org.apache.poi.openxml4j.opc.ZipPackage:580 - Save part 'xl/printerSettings/printerSettings7.bin'
19:46:59.618 [main] DEBUG org.apache.poi.openxml4j.opc.ZipPackage:580 - Save part 'xl/sharedStrings.xml'
19:46:59.618 [main] DEBUG org.apache.poi.openxml4j.opc.ZipPackage:580 - Save part 'xl/styles.xml'
19:46:59.618 [main] DEBUG org.apache.poi.openxml4j.opc.ZipPackage:580 - Save part 'xl/theme/theme1.xml'
19:46:59.618 [main] DEBUG org.apache.poi.openxml4j.opc.ZipPackage:580 - Save part 'xl/workbook.xml'
19:46:59.620 [main] DEBUG org.apache.poi.openxml4j.opc.ZipPackage:580 - Save part 'xl/worksheets/sheet1.xml'
19:46:59.622 [main] DEBUG org.apache.poi.openxml4j.opc.ZipPackage:580 - Save part 'xl/worksheets/sheet2.xml'
19:46:59.623 [main] DEBUG org.apache.poi.openxml4j.opc.ZipPackage:580 - Save part 'xl/worksheets/sheet3.xml'
19:46:59.625 [main] DEBUG org.apache.poi.openxml4j.opc.ZipPackage:580 - Save part 'xl/worksheets/sheet4.xml'
19:46:59.626 [main] DEBUG org.apache.poi.openxml4j.opc.ZipPackage:580 - Save part 'xl/worksheets/sheet8.xml'
19:47:17.918 [main] INFO  stepDefinitions.hook.Hooks:31 - ---------------Test Automation has started------------
19:47:17.921 [main] INFO  stepDefinitions.hook.Hooks:32 - Test Scenario : Get desired product
19:47:17.922 [main] INFO  stepDefinitions.hook.Hooks:33 - Browser type ----> chrome
19:47:21.426 [main] INFO  stepDefinitions.BasicStepDefs:16 - User navigates to baseURL
19:47:23.120 [main] ERROR stepDefinitions.hook.Hooks:50 - Test scenario ->>> ->>>>> Failed Get desired product
19:47:24.090 [main] DEBUG org.apache.poi.openxml4j.opc.PackageRelationshipCollection:309 - Parsing relationship: /xl/charts/_rels/chart1.xml.rels
19:47:24.093 [main] DEBUG org.apache.poi.openxml4j.opc.PackageRelationshipCollection:309 - Parsing relationship: /xl/charts/_rels/chart2.xml.rels
19:47:24.095 [main] DEBUG org.apache.poi.openxml4j.opc.PackageRelationshipCollection:309 - Parsing relationship: /xl/charts/_rels/chart3.xml.rels
19:47:24.097 [main] DEBUG org.apache.poi.openxml4j.opc.PackageRelationshipCollection:309 - Parsing relationship: /xl/charts/_rels/chart5.xml.rels
19:47:24.108 [main] DEBUG org.apache.poi.openxml4j.opc.PackageRelationshipCollection:309 - Parsing relationship: /xl/charts/_rels/chart8.xml.rels
19:47:24.111 [main] DEBUG org.apache.poi.openxml4j.opc.PackageRelationshipCollection:309 - Parsing relationship: /xl/drawings/_rels/drawing1.xml.rels
19:47:24.126 [main] DEBUG org.apache.poi.openxml4j.opc.PackageRelationshipCollection:309 - Parsing relationship: /xl/drawings/_rels/drawing5.xml.rels
19:47:24.128 [main] DEBUG org.apache.poi.openxml4j.opc.PackageRelationshipCollection:309 - Parsing relationship: /xl/drawings/_rels/drawing7.xml.rels
19:47:24.130 [main] DEBUG org.apache.poi.openxml4j.opc.PackageRelationshipCollection:309 - Parsing relationship: /xl/drawings/_rels/drawing8.xml.rels
19:47:24.131 [main] DEBUG org.apache.poi.openxml4j.opc.PackageRelationshipCollection:309 - Parsing relationship: /xl/drawings/_rels/drawing10.xml.rels
19:47:24.136 [main] DEBUG org.apache.poi.openxml4j.opc.PackageRelationshipCollection:309 - Parsing relationship: /xl/drawings/_rels/drawing11.xml.rels
19:47:24.137 [main] DEBUG org.apache.poi.openxml4j.opc.PackageRelationshipCollection:309 - Parsing relationship: /xl/externalLinks/_rels/externalLink1.xml.rels
19:47:24.141 [main] DEBUG org.apache.poi.openxml4j.opc.PackageRelationshipCollection:309 - Parsing relationship: /xl/_rels/workbook.xml.rels
19:47:24.144 [main] DEBUG org.apache.poi.openxml4j.opc.PackageRelationshipCollection:309 - Parsing relationship: /xl/worksheets/_rels/sheet1.xml.rels
19:47:24.145 [main] DEBUG org.apache.poi.openxml4j.opc.PackageRelationshipCollection:309 - Parsing relationship: /xl/worksheets/_rels/sheet2.xml.rels
19:47:24.148 [main] DEBUG org.apache.poi.openxml4j.opc.PackageRelationshipCollection:309 - Parsing relationship: /xl/worksheets/_rels/sheet3.xml.rels
19:47:24.149 [main] DEBUG org.apache.poi.openxml4j.opc.PackageRelationshipCollection:309 - Parsing relationship: /xl/worksheets/_rels/sheet4.xml.rels
19:47:24.152 [main] DEBUG org.apache.poi.openxml4j.opc.PackageRelationshipCollection:309 - Parsing relationship: /xl/worksheets/_rels/sheet6.xml.rels
19:47:24.155 [main] DEBUG org.apache.poi.openxml4j.opc.PackageRelationshipCollection:309 - Parsing relationship: /xl/worksheets/_rels/sheet7.xml.rels
19:47:24.157 [main] DEBUG org.apache.poi.openxml4j.opc.PackageRelationshipCollection:309 - Parsing relationship: /xl/worksheets/_rels/sheet8.xml.rels
19:47:24.159 [main] DEBUG org.apache.poi.openxml4j.opc.PackageRelationshipCollection:309 - Parsing relationship: /_rels/.rels
19:47:24.715 [main] DEBUG org.apache.poi.ooxml.POIXMLFactory:65 - using default POIXMLDocumentPart for http://schemas.openxmlformats.org/officeDocument/2006/relationships/printerSettings
19:47:24.740 [main] DEBUG org.apache.poi.ooxml.POIXMLFactory:65 - using default POIXMLDocumentPart for http://schemas.openxmlformats.org/officeDocument/2006/relationships/chartUserShapes
19:47:24.740 [main] DEBUG org.apache.poi.ooxml.POIXMLFactory:65 - using default POIXMLDocumentPart for http://schemas.openxmlformats.org/officeDocument/2006/relationships/chartUserShapes
19:47:24.741 [main] DEBUG org.apache.poi.ooxml.POIXMLFactory:65 - using default POIXMLDocumentPart for http://schemas.openxmlformats.org/officeDocument/2006/relationships/chartUserShapes
19:47:24.741 [main] DEBUG org.apache.poi.ooxml.POIXMLFactory:65 - using default POIXMLDocumentPart for http://schemas.openxmlformats.org/officeDocument/2006/relationships/printerSettings
19:47:24.752 [main] DEBUG org.apache.poi.ooxml.POIXMLFactory:65 - using default POIXMLDocumentPart for http://schemas.openxmlformats.org/officeDocument/2006/relationships/chartUserShapes
19:47:24.752 [main] DEBUG org.apache.poi.ooxml.POIXMLFactory:65 - using default POIXMLDocumentPart for http://schemas.openxmlformats.org/officeDocument/2006/relationships/printerSettings
19:47:24.758 [main] DEBUG org.apache.poi.ooxml.POIXMLFactory:65 - using default POIXMLDocumentPart for http://schemas.openxmlformats.org/officeDocument/2006/relationships/printerSettings
19:47:24.768 [main] DEBUG org.apache.poi.ooxml.POIXMLFactory:65 - using default POIXMLDocumentPart for http://schemas.openxmlformats.org/officeDocument/2006/relationships/chartUserShapes
19:47:24.769 [main] DEBUG org.apache.poi.ooxml.POIXMLFactory:65 - using default POIXMLDocumentPart for http://schemas.openxmlformats.org/officeDocument/2006/relationships/printerSettings
19:47:24.775 [main] DEBUG org.apache.poi.ooxml.POIXMLFactory:65 - using default POIXMLDocumentPart for http://schemas.openxmlformats.org/officeDocument/2006/relationships/printerSettings
19:47:24.779 [main] DEBUG org.apache.poi.ooxml.POIXMLFactory:65 - using default POIXMLDocumentPart for http://schemas.openxmlformats.org/officeDocument/2006/relationships/printerSettings
19:47:25.207 [main] DEBUG org.apache.poi.openxml4j.opc.ZipPackage:562 - Save content types part
19:47:25.265 [main] DEBUG org.apache.poi.openxml4j.opc.ZipPackage:566 - Save package relationships
19:47:25.270 [main] DEBUG org.apache.poi.openxml4j.opc.ZipPackage:580 - Save part 'docProps/app.xml'
19:47:25.270 [main] DEBUG org.apache.poi.openxml4j.opc.ZipPackage:580 - Save part 'docProps/core.xml'
19:47:25.274 [main] DEBUG org.apache.poi.openxml4j.opc.ZipPackage:580 - Save part 'xl/charts/chart1.xml'
19:47:25.276 [main] DEBUG org.apache.poi.openxml4j.opc.ZipPackage:580 - Save part 'xl/charts/chart2.xml'
19:47:25.278 [main] DEBUG org.apache.poi.openxml4j.opc.ZipPackage:580 - Save part 'xl/charts/chart3.xml'
19:47:25.280 [main] DEBUG org.apache.poi.openxml4j.opc.ZipPackage:580 - Save part 'xl/charts/chart4.xml'
19:47:25.280 [main] DEBUG org.apache.poi.openxml4j.opc.ZipPackage:580 - Save part 'xl/charts/chart5.xml'
19:47:25.282 [main] DEBUG org.apache.poi.openxml4j.opc.ZipPackage:580 - Save part 'xl/charts/chart6.xml'
19:47:25.282 [main] DEBUG org.apache.poi.openxml4j.opc.ZipPackage:580 - Save part 'xl/charts/chart7.xml'
19:47:25.283 [main] DEBUG org.apache.poi.openxml4j.opc.ZipPackage:580 - Save part 'xl/charts/chart8.xml'
19:47:25.285 [main] DEBUG org.apache.poi.openxml4j.opc.ZipPackage:580 - Save part 'xl/charts/chart9.xml'
19:47:25.286 [main] DEBUG org.apache.poi.openxml4j.opc.ZipPackage:580 - Save part 'xl/charts/chart10.xml'
19:47:25.286 [main] DEBUG org.apache.poi.openxml4j.opc.ZipPackage:580 - Save part 'xl/drawings/drawing1.xml'
19:47:25.288 [main] DEBUG org.apache.poi.openxml4j.opc.ZipPackage:580 - Save part 'xl/drawings/drawing2.xml'
19:47:25.289 [main] DEBUG org.apache.poi.openxml4j.opc.ZipPackage:580 - Save part 'xl/drawings/drawing3.xml'
19:47:25.289 [main] DEBUG org.apache.poi.openxml4j.opc.ZipPackage:580 - Save part 'xl/drawings/drawing4.xml'
19:47:25.290 [main] DEBUG org.apache.poi.openxml4j.opc.ZipPackage:580 - Save part 'xl/drawings/drawing5.xml'
19:47:25.291 [main] DEBUG org.apache.poi.openxml4j.opc.ZipPackage:580 - Save part 'xl/drawings/drawing6.xml'
19:47:25.292 [main] DEBUG org.apache.poi.openxml4j.opc.ZipPackage:580 - Save part 'xl/drawings/drawing7.xml'
19:47:25.294 [main] DEBUG org.apache.poi.openxml4j.opc.ZipPackage:580 - Save part 'xl/drawings/drawing8.xml'
19:47:25.294 [main] DEBUG org.apache.poi.openxml4j.opc.ZipPackage:580 - Save part 'xl/drawings/drawing9.xml'
19:47:25.295 [main] DEBUG org.apache.poi.openxml4j.opc.ZipPackage:580 - Save part 'xl/externalLinks/externalLink1.xml'
19:47:25.296 [main] DEBUG org.apache.poi.openxml4j.opc.ZipPackage:580 - Save part 'xl/printerSettings/printerSettings1.bin'
19:47:25.297 [main] DEBUG org.apache.poi.openxml4j.opc.ZipPackage:580 - Save part 'xl/printerSettings/printerSettings2.bin'
19:47:25.298 [main] DEBUG org.apache.poi.openxml4j.opc.ZipPackage:580 - Save part 'xl/printerSettings/printerSettings3.bin'
19:47:25.298 [main] DEBUG org.apache.poi.openxml4j.opc.ZipPackage:580 - Save part 'xl/printerSettings/printerSettings4.bin'
19:47:25.298 [main] DEBUG org.apache.poi.openxml4j.opc.ZipPackage:580 - Save part 'xl/printerSettings/printerSettings7.bin'
19:47:25.298 [main] DEBUG org.apache.poi.openxml4j.opc.ZipPackage:580 - Save part 'xl/sharedStrings.xml'
19:47:25.298 [main] DEBUG org.apache.poi.openxml4j.opc.ZipPackage:580 - Save part 'xl/styles.xml'
19:47:25.299 [main] DEBUG org.apache.poi.openxml4j.opc.ZipPackage:580 - Save part 'xl/theme/theme1.xml'
19:47:25.299 [main] DEBUG org.apache.poi.openxml4j.opc.ZipPackage:580 - Save part 'xl/workbook.xml'
19:47:25.301 [main] DEBUG org.apache.poi.openxml4j.opc.ZipPackage:580 - Save part 'xl/worksheets/sheet1.xml'
19:47:25.302 [main] DEBUG org.apache.poi.openxml4j.opc.ZipPackage:580 - Save part 'xl/worksheets/sheet2.xml'
19:47:25.304 [main] DEBUG org.apache.poi.openxml4j.opc.ZipPackage:580 - Save part 'xl/worksheets/sheet3.xml'
19:47:25.305 [main] DEBUG org.apache.poi.openxml4j.opc.ZipPackage:580 - Save part 'xl/worksheets/sheet4.xml'
19:47:25.307 [main] DEBUG org.apache.poi.openxml4j.opc.ZipPackage:580 - Save part 'xl/worksheets/sheet8.xml'
19:47:52.677 [main] INFO  stepDefinitions.hook.Hooks:31 - ---------------Test Automation has started------------
19:47:52.679 [main] INFO  stepDefinitions.hook.Hooks:32 - Test Scenario : Get desired product
19:47:52.681 [main] INFO  stepDefinitions.hook.Hooks:33 - Browser type ----> chrome
19:47:55.923 [main] INFO  stepDefinitions.BasicStepDefs:16 - User navigates to baseURL
19:47:57.873 [main] ERROR stepDefinitions.hook.Hooks:50 - Test scenario ->>> ->>>>> Failed Get desired product
19:47:58.823 [main] DEBUG org.apache.poi.openxml4j.opc.PackageRelationshipCollection:309 - Parsing relationship: /xl/charts/_rels/chart1.xml.rels
19:47:58.826 [main] DEBUG org.apache.poi.openxml4j.opc.PackageRelationshipCollection:309 - Parsing relationship: /xl/charts/_rels/chart2.xml.rels
19:47:58.828 [main] DEBUG org.apache.poi.openxml4j.opc.PackageRelationshipCollection:309 - Parsing relationship: /xl/charts/_rels/chart3.xml.rels
19:47:58.830 [main] DEBUG org.apache.poi.openxml4j.opc.PackageRelationshipCollection:309 - Parsing relationship: /xl/charts/_rels/chart5.xml.rels
19:47:58.831 [main] DEBUG org.apache.poi.openxml4j.opc.PackageRelationshipCollection:309 - Parsing relationship: /xl/charts/_rels/chart8.xml.rels
19:47:58.833 [main] DEBUG org.apache.poi.openxml4j.opc.PackageRelationshipCollection:309 - Parsing relationship: /xl/drawings/_rels/drawing1.xml.rels
19:47:58.836 [main] DEBUG org.apache.poi.openxml4j.opc.PackageRelationshipCollection:309 - Parsing relationship: /xl/drawings/_rels/drawing5.xml.rels
19:47:58.838 [main] DEBUG org.apache.poi.openxml4j.opc.PackageRelationshipCollection:309 - Parsing relationship: /xl/drawings/_rels/drawing7.xml.rels
19:47:58.839 [main] DEBUG org.apache.poi.openxml4j.opc.PackageRelationshipCollection:309 - Parsing relationship: /xl/drawings/_rels/drawing8.xml.rels
19:47:58.841 [main] DEBUG org.apache.poi.openxml4j.opc.PackageRelationshipCollection:309 - Parsing relationship: /xl/drawings/_rels/drawing10.xml.rels
19:47:58.843 [main] DEBUG org.apache.poi.openxml4j.opc.PackageRelationshipCollection:309 - Parsing relationship: /xl/drawings/_rels/drawing11.xml.rels
19:47:58.844 [main] DEBUG org.apache.poi.openxml4j.opc.PackageRelationshipCollection:309 - Parsing relationship: /xl/externalLinks/_rels/externalLink1.xml.rels
19:47:58.847 [main] DEBUG org.apache.poi.openxml4j.opc.PackageRelationshipCollection:309 - Parsing relationship: /xl/_rels/workbook.xml.rels
19:47:58.861 [main] DEBUG org.apache.poi.openxml4j.opc.PackageRelationshipCollection:309 - Parsing relationship: /xl/worksheets/_rels/sheet1.xml.rels
19:47:58.866 [main] DEBUG org.apache.poi.openxml4j.opc.PackageRelationshipCollection:309 - Parsing relationship: /xl/worksheets/_rels/sheet2.xml.rels
19:47:58.868 [main] DEBUG org.apache.poi.openxml4j.opc.PackageRelationshipCollection:309 - Parsing relationship: /xl/worksheets/_rels/sheet3.xml.rels
19:47:58.869 [main] DEBUG org.apache.poi.openxml4j.opc.PackageRelationshipCollection:309 - Parsing relationship: /xl/worksheets/_rels/sheet4.xml.rels
19:47:58.871 [main] DEBUG org.apache.poi.openxml4j.opc.PackageRelationshipCollection:309 - Parsing relationship: /xl/worksheets/_rels/sheet6.xml.rels
19:47:58.872 [main] DEBUG org.apache.poi.openxml4j.opc.PackageRelationshipCollection:309 - Parsing relationship: /xl/worksheets/_rels/sheet7.xml.rels
19:47:58.874 [main] DEBUG org.apache.poi.openxml4j.opc.PackageRelationshipCollection:309 - Parsing relationship: /xl/worksheets/_rels/sheet8.xml.rels
19:47:58.876 [main] DEBUG org.apache.poi.openxml4j.opc.PackageRelationshipCollection:309 - Parsing relationship: /_rels/.rels
19:47:59.476 [main] DEBUG org.apache.poi.ooxml.POIXMLFactory:65 - using default POIXMLDocumentPart for http://schemas.openxmlformats.org/officeDocument/2006/relationships/printerSettings
19:47:59.502 [main] DEBUG org.apache.poi.ooxml.POIXMLFactory:65 - using default POIXMLDocumentPart for http://schemas.openxmlformats.org/officeDocument/2006/relationships/chartUserShapes
19:47:59.503 [main] DEBUG org.apache.poi.ooxml.POIXMLFactory:65 - using default POIXMLDocumentPart for http://schemas.openxmlformats.org/officeDocument/2006/relationships/chartUserShapes
19:47:59.503 [main] DEBUG org.apache.poi.ooxml.POIXMLFactory:65 - using default POIXMLDocumentPart for http://schemas.openxmlformats.org/officeDocument/2006/relationships/chartUserShapes
19:47:59.503 [main] DEBUG org.apache.poi.ooxml.POIXMLFactory:65 - using default POIXMLDocumentPart for http://schemas.openxmlformats.org/officeDocument/2006/relationships/printerSettings
19:47:59.513 [main] DEBUG org.apache.poi.ooxml.POIXMLFactory:65 - using default POIXMLDocumentPart for http://schemas.openxmlformats.org/officeDocument/2006/relationships/chartUserShapes
19:47:59.514 [main] DEBUG org.apache.poi.ooxml.POIXMLFactory:65 - using default POIXMLDocumentPart for http://schemas.openxmlformats.org/officeDocument/2006/relationships/printerSettings
19:47:59.519 [main] DEBUG org.apache.poi.ooxml.POIXMLFactory:65 - using default POIXMLDocumentPart for http://schemas.openxmlformats.org/officeDocument/2006/relationships/printerSettings
19:47:59.525 [main] DEBUG org.apache.poi.ooxml.POIXMLFactory:65 - using default POIXMLDocumentPart for http://schemas.openxmlformats.org/officeDocument/2006/relationships/chartUserShapes
19:47:59.527 [main] DEBUG org.apache.poi.ooxml.POIXMLFactory:65 - using default POIXMLDocumentPart for http://schemas.openxmlformats.org/officeDocument/2006/relationships/printerSettings
19:47:59.530 [main] DEBUG org.apache.poi.ooxml.POIXMLFactory:65 - using default POIXMLDocumentPart for http://schemas.openxmlformats.org/officeDocument/2006/relationships/printerSettings
19:47:59.534 [main] DEBUG org.apache.poi.ooxml.POIXMLFactory:65 - using default POIXMLDocumentPart for http://schemas.openxmlformats.org/officeDocument/2006/relationships/printerSettings
19:47:59.953 [main] DEBUG org.apache.poi.openxml4j.opc.ZipPackage:562 - Save content types part
19:48:00.019 [main] DEBUG org.apache.poi.openxml4j.opc.ZipPackage:566 - Save package relationships
19:48:00.025 [main] DEBUG org.apache.poi.openxml4j.opc.ZipPackage:580 - Save part 'docProps/app.xml'
19:48:00.026 [main] DEBUG org.apache.poi.openxml4j.opc.ZipPackage:580 - Save part 'docProps/core.xml'
19:48:00.028 [main] DEBUG org.apache.poi.openxml4j.opc.ZipPackage:580 - Save part 'xl/charts/chart1.xml'
19:48:00.031 [main] DEBUG org.apache.poi.openxml4j.opc.ZipPackage:580 - Save part 'xl/charts/chart2.xml'
19:48:00.033 [main] DEBUG org.apache.poi.openxml4j.opc.ZipPackage:580 - Save part 'xl/charts/chart3.xml'
19:48:00.035 [main] DEBUG org.apache.poi.openxml4j.opc.ZipPackage:580 - Save part 'xl/charts/chart4.xml'
19:48:00.036 [main] DEBUG org.apache.poi.openxml4j.opc.ZipPackage:580 - Save part 'xl/charts/chart5.xml'
19:48:00.039 [main] DEBUG org.apache.poi.openxml4j.opc.ZipPackage:580 - Save part 'xl/charts/chart6.xml'
19:48:00.040 [main] DEBUG org.apache.poi.openxml4j.opc.ZipPackage:580 - Save part 'xl/charts/chart7.xml'
19:48:00.041 [main] DEBUG org.apache.poi.openxml4j.opc.ZipPackage:580 - Save part 'xl/charts/chart8.xml'
19:48:00.043 [main] DEBUG org.apache.poi.openxml4j.opc.ZipPackage:580 - Save part 'xl/charts/chart9.xml'
19:48:00.044 [main] DEBUG org.apache.poi.openxml4j.opc.ZipPackage:580 - Save part 'xl/charts/chart10.xml'
19:48:00.045 [main] DEBUG org.apache.poi.openxml4j.opc.ZipPackage:580 - Save part 'xl/drawings/drawing1.xml'
19:48:00.047 [main] DEBUG org.apache.poi.openxml4j.opc.ZipPackage:580 - Save part 'xl/drawings/drawing2.xml'
19:48:00.048 [main] DEBUG org.apache.poi.openxml4j.opc.ZipPackage:580 - Save part 'xl/drawings/drawing3.xml'
19:48:00.048 [main] DEBUG org.apache.poi.openxml4j.opc.ZipPackage:580 - Save part 'xl/drawings/drawing4.xml'
19:48:00.049 [main] DEBUG org.apache.poi.openxml4j.opc.ZipPackage:580 - Save part 'xl/drawings/drawing5.xml'
19:48:00.051 [main] DEBUG org.apache.poi.openxml4j.opc.ZipPackage:580 - Save part 'xl/drawings/drawing6.xml'
19:48:00.052 [main] DEBUG org.apache.poi.openxml4j.opc.ZipPackage:580 - Save part 'xl/drawings/drawing7.xml'
19:48:00.054 [main] DEBUG org.apache.poi.openxml4j.opc.ZipPackage:580 - Save part 'xl/drawings/drawing8.xml'
19:48:00.056 [main] DEBUG org.apache.poi.openxml4j.opc.ZipPackage:580 - Save part 'xl/drawings/drawing9.xml'
19:48:00.057 [main] DEBUG org.apache.poi.openxml4j.opc.ZipPackage:580 - Save part 'xl/externalLinks/externalLink1.xml'
19:48:00.059 [main] DEBUG org.apache.poi.openxml4j.opc.ZipPackage:580 - Save part 'xl/printerSettings/printerSettings1.bin'
19:48:00.060 [main] DEBUG org.apache.poi.openxml4j.opc.ZipPackage:580 - Save part 'xl/printerSettings/printerSettings2.bin'
19:48:00.060 [main] DEBUG org.apache.poi.openxml4j.opc.ZipPackage:580 - Save part 'xl/printerSettings/printerSettings3.bin'
19:48:00.061 [main] DEBUG org.apache.poi.openxml4j.opc.ZipPackage:580 - Save part 'xl/printerSettings/printerSettings4.bin'
19:48:00.061 [main] DEBUG org.apache.poi.openxml4j.opc.ZipPackage:580 - Save part 'xl/printerSettings/printerSettings7.bin'
19:48:00.061 [main] DEBUG org.apache.poi.openxml4j.opc.ZipPackage:580 - Save part 'xl/sharedStrings.xml'
19:48:00.062 [main] DEBUG org.apache.poi.openxml4j.opc.ZipPackage:580 - Save part 'xl/styles.xml'
19:48:00.063 [main] DEBUG org.apache.poi.openxml4j.opc.ZipPackage:580 - Save part 'xl/theme/theme1.xml'
19:48:00.064 [main] DEBUG org.apache.poi.openxml4j.opc.ZipPackage:580 - Save part 'xl/workbook.xml'
19:48:00.066 [main] DEBUG org.apache.poi.openxml4j.opc.ZipPackage:580 - Save part 'xl/worksheets/sheet1.xml'
19:48:00.068 [main] DEBUG org.apache.poi.openxml4j.opc.ZipPackage:580 - Save part 'xl/worksheets/sheet2.xml'
19:48:00.071 [main] DEBUG org.apache.poi.openxml4j.opc.ZipPackage:580 - Save part 'xl/worksheets/sheet3.xml'
19:48:00.073 [main] DEBUG org.apache.poi.openxml4j.opc.ZipPackage:580 - Save part 'xl/worksheets/sheet4.xml'
19:48:00.076 [main] DEBUG org.apache.poi.openxml4j.opc.ZipPackage:580 - Save part 'xl/worksheets/sheet8.xml'
19:49:03.168 [main] INFO  stepDefinitions.hook.Hooks:31 - ---------------Test Automation has started------------
19:49:03.171 [main] INFO  stepDefinitions.hook.Hooks:32 - Test Scenario : Get desired product
19:49:03.172 [main] INFO  stepDefinitions.hook.Hooks:33 - Browser type ----> chrome
19:49:06.696 [main] INFO  stepDefinitions.BasicStepDefs:16 - User navigates to baseURL
19:49:08.586 [main] ERROR stepDefinitions.hook.Hooks:50 - Test scenario ->>> ->>>>> Failed Get desired product
19:49:24.603 [main] INFO  stepDefinitions.hook.Hooks:31 - ---------------Test Automation has started------------
19:49:24.606 [main] INFO  stepDefinitions.hook.Hooks:32 - Test Scenario : Get desired product
19:49:24.607 [main] INFO  stepDefinitions.hook.Hooks:33 - Browser type ----> chrome
19:49:27.792 [main] INFO  stepDefinitions.BasicStepDefs:16 - User navigates to baseURL
19:49:33.045 [main] INFO  stepDefinitions.HomePageStepDefs:16 - Select Man Part
19:49:33.049 [main] INFO  stepDefinitions.hook.Hooks:53 - Test scenario -->>> ->>>> Passed
19:49:33.972 [main] DEBUG org.apache.poi.openxml4j.opc.PackageRelationshipCollection:309 - Parsing relationship: /xl/charts/_rels/chart1.xml.rels
19:49:33.977 [main] DEBUG org.apache.poi.openxml4j.opc.PackageRelationshipCollection:309 - Parsing relationship: /xl/charts/_rels/chart2.xml.rels
19:49:33.980 [main] DEBUG org.apache.poi.openxml4j.opc.PackageRelationshipCollection:309 - Parsing relationship: /xl/charts/_rels/chart3.xml.rels
19:49:33.982 [main] DEBUG org.apache.poi.openxml4j.opc.PackageRelationshipCollection:309 - Parsing relationship: /xl/charts/_rels/chart5.xml.rels
19:49:33.984 [main] DEBUG org.apache.poi.openxml4j.opc.PackageRelationshipCollection:309 - Parsing relationship: /xl/charts/_rels/chart8.xml.rels
19:49:33.986 [main] DEBUG org.apache.poi.openxml4j.opc.PackageRelationshipCollection:309 - Parsing relationship: /xl/drawings/_rels/drawing1.xml.rels
19:49:33.988 [main] DEBUG org.apache.poi.openxml4j.opc.PackageRelationshipCollection:309 - Parsing relationship: /xl/drawings/_rels/drawing5.xml.rels
19:49:33.991 [main] DEBUG org.apache.poi.openxml4j.opc.PackageRelationshipCollection:309 - Parsing relationship: /xl/drawings/_rels/drawing7.xml.rels
19:49:33.993 [main] DEBUG org.apache.poi.openxml4j.opc.PackageRelationshipCollection:309 - Parsing relationship: /xl/drawings/_rels/drawing8.xml.rels
19:49:33.995 [main] DEBUG org.apache.poi.openxml4j.opc.PackageRelationshipCollection:309 - Parsing relationship: /xl/drawings/_rels/drawing10.xml.rels
19:49:33.996 [main] DEBUG org.apache.poi.openxml4j.opc.PackageRelationshipCollection:309 - Parsing relationship: /xl/drawings/_rels/drawing11.xml.rels
19:49:33.998 [main] DEBUG org.apache.poi.openxml4j.opc.PackageRelationshipCollection:309 - Parsing relationship: /xl/externalLinks/_rels/externalLink1.xml.rels
19:49:34.002 [main] DEBUG org.apache.poi.openxml4j.opc.PackageRelationshipCollection:309 - Parsing relationship: /xl/_rels/workbook.xml.rels
19:49:34.005 [main] DEBUG org.apache.poi.openxml4j.opc.PackageRelationshipCollection:309 - Parsing relationship: /xl/worksheets/_rels/sheet1.xml.rels
19:49:34.007 [main] DEBUG org.apache.poi.openxml4j.opc.PackageRelationshipCollection:309 - Parsing relationship: /xl/worksheets/_rels/sheet2.xml.rels
19:49:34.010 [main] DEBUG org.apache.poi.openxml4j.opc.PackageRelationshipCollection:309 - Parsing relationship: /xl/worksheets/_rels/sheet3.xml.rels
19:49:34.012 [main] DEBUG org.apache.poi.openxml4j.opc.PackageRelationshipCollection:309 - Parsing relationship: /xl/worksheets/_rels/sheet4.xml.rels
19:49:34.016 [main] DEBUG org.apache.poi.openxml4j.opc.PackageRelationshipCollection:309 - Parsing relationship: /xl/worksheets/_rels/sheet6.xml.rels
19:49:34.021 [main] DEBUG org.apache.poi.openxml4j.opc.PackageRelationshipCollection:309 - Parsing relationship: /xl/worksheets/_rels/sheet7.xml.rels
19:49:34.023 [main] DEBUG org.apache.poi.openxml4j.opc.PackageRelationshipCollection:309 - Parsing relationship: /xl/worksheets/_rels/sheet8.xml.rels
19:49:34.027 [main] DEBUG org.apache.poi.openxml4j.opc.PackageRelationshipCollection:309 - Parsing relationship: /_rels/.rels
19:49:34.599 [main] DEBUG org.apache.poi.ooxml.POIXMLFactory:65 - using default POIXMLDocumentPart for http://schemas.openxmlformats.org/officeDocument/2006/relationships/printerSettings
19:49:34.626 [main] DEBUG org.apache.poi.ooxml.POIXMLFactory:65 - using default POIXMLDocumentPart for http://schemas.openxmlformats.org/officeDocument/2006/relationships/chartUserShapes
19:49:34.627 [main] DEBUG org.apache.poi.ooxml.POIXMLFactory:65 - using default POIXMLDocumentPart for http://schemas.openxmlformats.org/officeDocument/2006/relationships/chartUserShapes
19:49:34.627 [main] DEBUG org.apache.poi.ooxml.POIXMLFactory:65 - using default POIXMLDocumentPart for http://schemas.openxmlformats.org/officeDocument/2006/relationships/chartUserShapes
19:49:34.627 [main] DEBUG org.apache.poi.ooxml.POIXMLFactory:65 - using default POIXMLDocumentPart for http://schemas.openxmlformats.org/officeDocument/2006/relationships/printerSettings
19:49:34.645 [main] DEBUG org.apache.poi.ooxml.POIXMLFactory:65 - using default POIXMLDocumentPart for http://schemas.openxmlformats.org/officeDocument/2006/relationships/chartUserShapes
19:49:34.647 [main] DEBUG org.apache.poi.ooxml.POIXMLFactory:65 - using default POIXMLDocumentPart for http://schemas.openxmlformats.org/officeDocument/2006/relationships/printerSettings
19:49:34.654 [main] DEBUG org.apache.poi.ooxml.POIXMLFactory:65 - using default POIXMLDocumentPart for http://schemas.openxmlformats.org/officeDocument/2006/relationships/printerSettings
19:49:34.665 [main] DEBUG org.apache.poi.ooxml.POIXMLFactory:65 - using default POIXMLDocumentPart for http://schemas.openxmlformats.org/officeDocument/2006/relationships/chartUserShapes
19:49:34.666 [main] DEBUG org.apache.poi.ooxml.POIXMLFactory:65 - using default POIXMLDocumentPart for http://schemas.openxmlformats.org/officeDocument/2006/relationships/printerSettings
19:49:34.674 [main] DEBUG org.apache.poi.ooxml.POIXMLFactory:65 - using default POIXMLDocumentPart for http://schemas.openxmlformats.org/officeDocument/2006/relationships/printerSettings
19:49:34.687 [main] DEBUG org.apache.poi.ooxml.POIXMLFactory:65 - using default POIXMLDocumentPart for http://schemas.openxmlformats.org/officeDocument/2006/relationships/printerSettings
19:49:35.121 [main] DEBUG org.apache.poi.openxml4j.opc.ZipPackage:562 - Save content types part
19:49:35.177 [main] DEBUG org.apache.poi.openxml4j.opc.ZipPackage:566 - Save package relationships
19:49:35.182 [main] DEBUG org.apache.poi.openxml4j.opc.ZipPackage:580 - Save part 'docProps/app.xml'
19:49:35.182 [main] DEBUG org.apache.poi.openxml4j.opc.ZipPackage:580 - Save part 'docProps/core.xml'
19:49:35.187 [main] DEBUG org.apache.poi.openxml4j.opc.ZipPackage:580 - Save part 'xl/charts/chart1.xml'
19:49:35.188 [main] DEBUG org.apache.poi.openxml4j.opc.ZipPackage:580 - Save part 'xl/charts/chart2.xml'
19:49:35.189 [main] DEBUG org.apache.poi.openxml4j.opc.ZipPackage:580 - Save part 'xl/charts/chart3.xml'
19:49:35.191 [main] DEBUG org.apache.poi.openxml4j.opc.ZipPackage:580 - Save part 'xl/charts/chart4.xml'
19:49:35.193 [main] DEBUG org.apache.poi.openxml4j.opc.ZipPackage:580 - Save part 'xl/charts/chart5.xml'
19:49:35.194 [main] DEBUG org.apache.poi.openxml4j.opc.ZipPackage:580 - Save part 'xl/charts/chart6.xml'
19:49:35.196 [main] DEBUG org.apache.poi.openxml4j.opc.ZipPackage:580 - Save part 'xl/charts/chart7.xml'
19:49:35.196 [main] DEBUG org.apache.poi.openxml4j.opc.ZipPackage:580 - Save part 'xl/charts/chart8.xml'
19:49:35.197 [main] DEBUG org.apache.poi.openxml4j.opc.ZipPackage:580 - Save part 'xl/charts/chart9.xml'
19:49:35.197 [main] DEBUG org.apache.poi.openxml4j.opc.ZipPackage:580 - Save part 'xl/charts/chart10.xml'
19:49:35.199 [main] DEBUG org.apache.poi.openxml4j.opc.ZipPackage:580 - Save part 'xl/drawings/drawing1.xml'
19:49:35.200 [main] DEBUG org.apache.poi.openxml4j.opc.ZipPackage:580 - Save part 'xl/drawings/drawing2.xml'
19:49:35.201 [main] DEBUG org.apache.poi.openxml4j.opc.ZipPackage:580 - Save part 'xl/drawings/drawing3.xml'
19:49:35.201 [main] DEBUG org.apache.poi.openxml4j.opc.ZipPackage:580 - Save part 'xl/drawings/drawing4.xml'
19:49:35.201 [main] DEBUG org.apache.poi.openxml4j.opc.ZipPackage:580 - Save part 'xl/drawings/drawing5.xml'
19:49:35.203 [main] DEBUG org.apache.poi.openxml4j.opc.ZipPackage:580 - Save part 'xl/drawings/drawing6.xml'
19:49:35.203 [main] DEBUG org.apache.poi.openxml4j.opc.ZipPackage:580 - Save part 'xl/drawings/drawing7.xml'
19:49:35.204 [main] DEBUG org.apache.poi.openxml4j.opc.ZipPackage:580 - Save part 'xl/drawings/drawing8.xml'
19:49:35.206 [main] DEBUG org.apache.poi.openxml4j.opc.ZipPackage:580 - Save part 'xl/drawings/drawing9.xml'
19:49:35.206 [main] DEBUG org.apache.poi.openxml4j.opc.ZipPackage:580 - Save part 'xl/externalLinks/externalLink1.xml'
19:49:35.208 [main] DEBUG org.apache.poi.openxml4j.opc.ZipPackage:580 - Save part 'xl/printerSettings/printerSettings1.bin'
19:49:35.208 [main] DEBUG org.apache.poi.openxml4j.opc.ZipPackage:580 - Save part 'xl/printerSettings/printerSettings2.bin'
19:49:35.209 [main] DEBUG org.apache.poi.openxml4j.opc.ZipPackage:580 - Save part 'xl/printerSettings/printerSettings3.bin'
19:49:35.209 [main] DEBUG org.apache.poi.openxml4j.opc.ZipPackage:580 - Save part 'xl/printerSettings/printerSettings4.bin'
19:49:35.209 [main] DEBUG org.apache.poi.openxml4j.opc.ZipPackage:580 - Save part 'xl/printerSettings/printerSettings7.bin'
19:49:35.210 [main] DEBUG org.apache.poi.openxml4j.opc.ZipPackage:580 - Save part 'xl/sharedStrings.xml'
19:49:35.210 [main] DEBUG org.apache.poi.openxml4j.opc.ZipPackage:580 - Save part 'xl/styles.xml'
19:49:35.210 [main] DEBUG org.apache.poi.openxml4j.opc.ZipPackage:580 - Save part 'xl/theme/theme1.xml'
19:49:35.211 [main] DEBUG org.apache.poi.openxml4j.opc.ZipPackage:580 - Save part 'xl/workbook.xml'
19:49:35.213 [main] DEBUG org.apache.poi.openxml4j.opc.ZipPackage:580 - Save part 'xl/worksheets/sheet1.xml'
19:49:35.214 [main] DEBUG org.apache.poi.openxml4j.opc.ZipPackage:580 - Save part 'xl/worksheets/sheet2.xml'
19:49:35.216 [main] DEBUG org.apache.poi.openxml4j.opc.ZipPackage:580 - Save part 'xl/worksheets/sheet3.xml'
19:49:35.218 [main] DEBUG org.apache.poi.openxml4j.opc.ZipPackage:580 - Save part 'xl/worksheets/sheet4.xml'
19:49:35.219 [main] DEBUG org.apache.poi.openxml4j.opc.ZipPackage:580 - Save part 'xl/worksheets/sheet8.xml'
19:59:25.669 [main] INFO  stepDefinitions.hook.Hooks:31 - ---------------Test Automation has started------------
19:59:25.671 [main] INFO  stepDefinitions.hook.Hooks:32 - Test Scenario : Get desired product
19:59:25.672 [main] INFO  stepDefinitions.hook.Hooks:33 - Browser type ----> chrome
19:59:29.203 [main] INFO  stepDefinitions.BasicStepDefs:16 - User navigates to baseURL
19:59:34.460 [main] INFO  stepDefinitions.HomePageStepDefs:16 - Select Man Part
19:59:34.463 [main] INFO  stepDefinitions.hook.Hooks:53 - Test scenario -->>> ->>>> Passed
19:59:35.567 [main] DEBUG org.apache.poi.openxml4j.opc.PackageRelationshipCollection:309 - Parsing relationship: /xl/charts/_rels/chart1.xml.rels
19:59:35.570 [main] DEBUG org.apache.poi.openxml4j.opc.PackageRelationshipCollection:309 - Parsing relationship: /xl/charts/_rels/chart2.xml.rels
19:59:35.572 [main] DEBUG org.apache.poi.openxml4j.opc.PackageRelationshipCollection:309 - Parsing relationship: /xl/charts/_rels/chart3.xml.rels
19:59:35.574 [main] DEBUG org.apache.poi.openxml4j.opc.PackageRelationshipCollection:309 - Parsing relationship: /xl/charts/_rels/chart5.xml.rels
19:59:35.575 [main] DEBUG org.apache.poi.openxml4j.opc.PackageRelationshipCollection:309 - Parsing relationship: /xl/charts/_rels/chart8.xml.rels
19:59:35.578 [main] DEBUG org.apache.poi.openxml4j.opc.PackageRelationshipCollection:309 - Parsing relationship: /xl/drawings/_rels/drawing1.xml.rels
19:59:35.580 [main] DEBUG org.apache.poi.openxml4j.opc.PackageRelationshipCollection:309 - Parsing relationship: /xl/drawings/_rels/drawing5.xml.rels
19:59:35.582 [main] DEBUG org.apache.poi.openxml4j.opc.PackageRelationshipCollection:309 - Parsing relationship: /xl/drawings/_rels/drawing7.xml.rels
19:59:35.584 [main] DEBUG org.apache.poi.openxml4j.opc.PackageRelationshipCollection:309 - Parsing relationship: /xl/drawings/_rels/drawing8.xml.rels
19:59:35.586 [main] DEBUG org.apache.poi.openxml4j.opc.PackageRelationshipCollection:309 - Parsing relationship: /xl/drawings/_rels/drawing10.xml.rels
19:59:35.587 [main] DEBUG org.apache.poi.openxml4j.opc.PackageRelationshipCollection:309 - Parsing relationship: /xl/drawings/_rels/drawing11.xml.rels
19:59:35.589 [main] DEBUG org.apache.poi.openxml4j.opc.PackageRelationshipCollection:309 - Parsing relationship: /xl/externalLinks/_rels/externalLink1.xml.rels
19:59:35.591 [main] DEBUG org.apache.poi.openxml4j.opc.PackageRelationshipCollection:309 - Parsing relationship: /xl/_rels/workbook.xml.rels
19:59:35.596 [main] DEBUG org.apache.poi.openxml4j.opc.PackageRelationshipCollection:309 - Parsing relationship: /xl/worksheets/_rels/sheet1.xml.rels
19:59:35.598 [main] DEBUG org.apache.poi.openxml4j.opc.PackageRelationshipCollection:309 - Parsing relationship: /xl/worksheets/_rels/sheet2.xml.rels
19:59:35.599 [main] DEBUG org.apache.poi.openxml4j.opc.PackageRelationshipCollection:309 - Parsing relationship: /xl/worksheets/_rels/sheet3.xml.rels
19:59:35.603 [main] DEBUG org.apache.poi.openxml4j.opc.PackageRelationshipCollection:309 - Parsing relationship: /xl/worksheets/_rels/sheet4.xml.rels
19:59:35.604 [main] DEBUG org.apache.poi.openxml4j.opc.PackageRelationshipCollection:309 - Parsing relationship: /xl/worksheets/_rels/sheet6.xml.rels
19:59:35.606 [main] DEBUG org.apache.poi.openxml4j.opc.PackageRelationshipCollection:309 - Parsing relationship: /xl/worksheets/_rels/sheet7.xml.rels
19:59:35.607 [main] DEBUG org.apache.poi.openxml4j.opc.PackageRelationshipCollection:309 - Parsing relationship: /xl/worksheets/_rels/sheet8.xml.rels
19:59:35.609 [main] DEBUG org.apache.poi.openxml4j.opc.PackageRelationshipCollection:309 - Parsing relationship: /_rels/.rels
19:59:36.142 [main] DEBUG org.apache.poi.ooxml.POIXMLFactory:65 - using default POIXMLDocumentPart for http://schemas.openxmlformats.org/officeDocument/2006/relationships/printerSettings
19:59:36.166 [main] DEBUG org.apache.poi.ooxml.POIXMLFactory:65 - using default POIXMLDocumentPart for http://schemas.openxmlformats.org/officeDocument/2006/relationships/chartUserShapes
19:59:36.167 [main] DEBUG org.apache.poi.ooxml.POIXMLFactory:65 - using default POIXMLDocumentPart for http://schemas.openxmlformats.org/officeDocument/2006/relationships/chartUserShapes
19:59:36.167 [main] DEBUG org.apache.poi.ooxml.POIXMLFactory:65 - using default POIXMLDocumentPart for http://schemas.openxmlformats.org/officeDocument/2006/relationships/chartUserShapes
19:59:36.168 [main] DEBUG org.apache.poi.ooxml.POIXMLFactory:65 - using default POIXMLDocumentPart for http://schemas.openxmlformats.org/officeDocument/2006/relationships/printerSettings
19:59:36.177 [main] DEBUG org.apache.poi.ooxml.POIXMLFactory:65 - using default POIXMLDocumentPart for http://schemas.openxmlformats.org/officeDocument/2006/relationships/chartUserShapes
19:59:36.178 [main] DEBUG org.apache.poi.ooxml.POIXMLFactory:65 - using default POIXMLDocumentPart for http://schemas.openxmlformats.org/officeDocument/2006/relationships/printerSettings
19:59:36.181 [main] DEBUG org.apache.poi.ooxml.POIXMLFactory:65 - using default POIXMLDocumentPart for http://schemas.openxmlformats.org/officeDocument/2006/relationships/printerSettings
19:59:36.190 [main] DEBUG org.apache.poi.ooxml.POIXMLFactory:65 - using default POIXMLDocumentPart for http://schemas.openxmlformats.org/officeDocument/2006/relationships/chartUserShapes
19:59:36.190 [main] DEBUG org.apache.poi.ooxml.POIXMLFactory:65 - using default POIXMLDocumentPart for http://schemas.openxmlformats.org/officeDocument/2006/relationships/printerSettings
19:59:36.195 [main] DEBUG org.apache.poi.ooxml.POIXMLFactory:65 - using default POIXMLDocumentPart for http://schemas.openxmlformats.org/officeDocument/2006/relationships/printerSettings
19:59:36.200 [main] DEBUG org.apache.poi.ooxml.POIXMLFactory:65 - using default POIXMLDocumentPart for http://schemas.openxmlformats.org/officeDocument/2006/relationships/printerSettings
19:59:36.725 [main] DEBUG org.apache.poi.openxml4j.opc.ZipPackage:562 - Save content types part
19:59:36.797 [main] DEBUG org.apache.poi.openxml4j.opc.ZipPackage:566 - Save package relationships
19:59:36.801 [main] DEBUG org.apache.poi.openxml4j.opc.ZipPackage:580 - Save part 'docProps/app.xml'
19:59:36.802 [main] DEBUG org.apache.poi.openxml4j.opc.ZipPackage:580 - Save part 'docProps/core.xml'
19:59:36.806 [main] DEBUG org.apache.poi.openxml4j.opc.ZipPackage:580 - Save part 'xl/charts/chart1.xml'
19:59:36.808 [main] DEBUG org.apache.poi.openxml4j.opc.ZipPackage:580 - Save part 'xl/charts/chart2.xml'
19:59:36.811 [main] DEBUG org.apache.poi.openxml4j.opc.ZipPackage:580 - Save part 'xl/charts/chart3.xml'
19:59:36.813 [main] DEBUG org.apache.poi.openxml4j.opc.ZipPackage:580 - Save part 'xl/charts/chart4.xml'
19:59:36.814 [main] DEBUG org.apache.poi.openxml4j.opc.ZipPackage:580 - Save part 'xl/charts/chart5.xml'
19:59:36.815 [main] DEBUG org.apache.poi.openxml4j.opc.ZipPackage:580 - Save part 'xl/charts/chart6.xml'
19:59:36.816 [main] DEBUG org.apache.poi.openxml4j.opc.ZipPackage:580 - Save part 'xl/charts/chart7.xml'
19:59:36.817 [main] DEBUG org.apache.poi.openxml4j.opc.ZipPackage:580 - Save part 'xl/charts/chart8.xml'
19:59:36.818 [main] DEBUG org.apache.poi.openxml4j.opc.ZipPackage:580 - Save part 'xl/charts/chart9.xml'
19:59:36.819 [main] DEBUG org.apache.poi.openxml4j.opc.ZipPackage:580 - Save part 'xl/charts/chart10.xml'
19:59:36.820 [main] DEBUG org.apache.poi.openxml4j.opc.ZipPackage:580 - Save part 'xl/drawings/drawing1.xml'
19:59:36.822 [main] DEBUG org.apache.poi.openxml4j.opc.ZipPackage:580 - Save part 'xl/drawings/drawing2.xml'
19:59:36.823 [main] DEBUG org.apache.poi.openxml4j.opc.ZipPackage:580 - Save part 'xl/drawings/drawing3.xml'
19:59:36.824 [main] DEBUG org.apache.poi.openxml4j.opc.ZipPackage:580 - Save part 'xl/drawings/drawing4.xml'
19:59:36.824 [main] DEBUG org.apache.poi.openxml4j.opc.ZipPackage:580 - Save part 'xl/drawings/drawing5.xml'
19:59:36.826 [main] DEBUG org.apache.poi.openxml4j.opc.ZipPackage:580 - Save part 'xl/drawings/drawing6.xml'
19:59:36.827 [main] DEBUG org.apache.poi.openxml4j.opc.ZipPackage:580 - Save part 'xl/drawings/drawing7.xml'
19:59:36.829 [main] DEBUG org.apache.poi.openxml4j.opc.ZipPackage:580 - Save part 'xl/drawings/drawing8.xml'
19:59:36.831 [main] DEBUG org.apache.poi.openxml4j.opc.ZipPackage:580 - Save part 'xl/drawings/drawing9.xml'
19:59:36.832 [main] DEBUG org.apache.poi.openxml4j.opc.ZipPackage:580 - Save part 'xl/externalLinks/externalLink1.xml'
19:59:36.834 [main] DEBUG org.apache.poi.openxml4j.opc.ZipPackage:580 - Save part 'xl/printerSettings/printerSettings1.bin'
19:59:36.835 [main] DEBUG org.apache.poi.openxml4j.opc.ZipPackage:580 - Save part 'xl/printerSettings/printerSettings2.bin'
19:59:36.835 [main] DEBUG org.apache.poi.openxml4j.opc.ZipPackage:580 - Save part 'xl/printerSettings/printerSettings3.bin'
19:59:36.836 [main] DEBUG org.apache.poi.openxml4j.opc.ZipPackage:580 - Save part 'xl/printerSettings/printerSettings4.bin'
19:59:36.836 [main] DEBUG org.apache.poi.openxml4j.opc.ZipPackage:580 - Save part 'xl/printerSettings/printerSettings7.bin'
19:59:36.837 [main] DEBUG org.apache.poi.openxml4j.opc.ZipPackage:580 - Save part 'xl/sharedStrings.xml'
19:59:36.837 [main] DEBUG org.apache.poi.openxml4j.opc.ZipPackage:580 - Save part 'xl/styles.xml'
19:59:36.838 [main] DEBUG org.apache.poi.openxml4j.opc.ZipPackage:580 - Save part 'xl/theme/theme1.xml'
19:59:36.839 [main] DEBUG org.apache.poi.openxml4j.opc.ZipPackage:580 - Save part 'xl/workbook.xml'
19:59:36.842 [main] DEBUG org.apache.poi.openxml4j.opc.ZipPackage:580 - Save part 'xl/worksheets/sheet1.xml'
19:59:36.844 [main] DEBUG org.apache.poi.openxml4j.opc.ZipPackage:580 - Save part 'xl/worksheets/sheet2.xml'
19:59:36.846 [main] DEBUG org.apache.poi.openxml4j.opc.ZipPackage:580 - Save part 'xl/worksheets/sheet3.xml'
19:59:36.847 [main] DEBUG org.apache.poi.openxml4j.opc.ZipPackage:580 - Save part 'xl/worksheets/sheet4.xml'
19:59:36.849 [main] DEBUG org.apache.poi.openxml4j.opc.ZipPackage:580 - Save part 'xl/worksheets/sheet8.xml'
20:00:10.251 [main] INFO  stepDefinitions.hook.Hooks:31 - ---------------Test Automation has started------------
20:00:10.254 [main] INFO  stepDefinitions.hook.Hooks:32 - Test Scenario : Get desired product
20:00:10.254 [main] INFO  stepDefinitions.hook.Hooks:33 - Browser type ----> chrome
20:00:13.985 [main] INFO  stepDefinitions.BasicStepDefs:16 - User navigates to baseURL
20:00:19.215 [main] INFO  stepDefinitions.HomePageStepDefs:16 - Select Man Part
20:00:19.219 [main] INFO  stepDefinitions.hook.Hooks:53 - Test scenario -->>> ->>>> Passed
